<?xml version="1.0" encoding="UTF-8"?>
<!-- Generated by org.testng.reporters.JUnitXMLReporter -->
<testsuite hostname="MSI" ignored="0" name="Contact Us Test Cases" tests="6" failures="0" timestamp="2020-02-05T22:54:25 CST" time="27.299" errors="0">
  <testcase name="@BeforeMethod launchBrowser" time="13.857" classname="com.contactUs.qa.TestCases.HomePageTest">
    <failure type="org.openqa.selenium.TimeoutException" message="timeout
  (Session info: chrome=79.0.3945.130)
Build info: version: &amp;apos;3.141.5&amp;apos;, revision: &amp;apos;d54ebd709a&amp;apos;, time: &amp;apos;2018-11-06T11:42:16&amp;apos;
System info: host: &amp;apos;MSI&amp;apos;, ip: &amp;apos;192.168.1.80&amp;apos;, os.name: &amp;apos;Windows 10&amp;apos;, os.arch: &amp;apos;amd64&amp;apos;, os.version: &amp;apos;10.0&amp;apos;, java.version: &amp;apos;1.8.0_241&amp;apos;
Driver info: org.openqa.selenium.chrome.ChromeDriver
Capabilities {acceptInsecureCerts: false, browserName: chrome, browserVersion: 79.0.3945.130, chrome: {chromedriverVersion: 79.0.3945.36 (3582db32b3389..., userDataDir: C:\Users\ob_v\AppData\Local...}, goog:chromeOptions: {debuggerAddress: localhost:59887}, javascriptEnabled: true, networkConnectionEnabled: false, pageLoadStrategy: normal, platform: WINDOWS, platformName: WINDOWS, proxy: Proxy(), setWindowRect: true, strictFileInteractability: false, timeouts: {implicit: 0, pageLoad: 300000, script: 30000}, unhandledPromptBehavior: dismiss and notify}
Session ID: 69ca2c69626bff55fc7ebb9caab4b0b7">
      <![CDATA[org.openqa.selenium.TimeoutException: timeout
  (Session info: chrome=79.0.3945.130)
Build info: version: '3.141.5', revision: 'd54ebd709a', time: '2018-11-06T11:42:16'
System info: host: 'MSI', ip: '192.168.1.80', os.name: 'Windows 10', os.arch: 'amd64', os.version: '10.0', java.version: '1.8.0_241'
Driver info: org.openqa.selenium.chrome.ChromeDriver
Capabilities {acceptInsecureCerts: false, browserName: chrome, browserVersion: 79.0.3945.130, chrome: {chromedriverVersion: 79.0.3945.36 (3582db32b3389..., userDataDir: C:\Users\ob_v\AppData\Local...}, goog:chromeOptions: {debuggerAddress: localhost:59887}, javascriptEnabled: true, networkConnectionEnabled: false, pageLoadStrategy: normal, platform: WINDOWS, platformName: WINDOWS, proxy: Proxy(), setWindowRect: true, strictFileInteractability: false, timeouts: {implicit: 0, pageLoad: 300000, script: 30000}, unhandledPromptBehavior: dismiss and notify}
Session ID: 69ca2c69626bff55fc7ebb9caab4b0b7
at org.openqa.selenium.remote.http.W3CHttpResponseCodec.createException(W3CHttpResponseCodec.java:187)
at org.openqa.selenium.remote.http.W3CHttpResponseCodec.decode(W3CHttpResponseCodec.java:122)
at org.openqa.selenium.remote.http.W3CHttpResponseCodec.decode(W3CHttpResponseCodec.java:49)
at org.openqa.selenium.remote.HttpCommandExecutor.execute(HttpCommandExecutor.java:158)
at org.openqa.selenium.remote.service.DriverCommandExecutor.execute(DriverCommandExecutor.java:83)
at org.openqa.selenium.remote.RemoteWebDriver.execute(RemoteWebDriver.java:552)
at org.openqa.selenium.remote.RemoteWebDriver.get(RemoteWebDriver.java:277)
at com.contactus.qa.TestBase.TestBase.initialization(TestBase.java:45)
at com.contactUs.qa.TestCases.HomePageTest.launchBrowser(HomePageTest.java:28)
at java.util.ArrayList.forEach(Unknown Source)
... Removed 35 stack frames]]>
    </failure>
  </testcase> <!-- @BeforeMethod launchBrowser -->
  <testcase name="@AfterMethod tearDown" time="-1.580964851667E9" classname="com.contactUs.qa.TestCases.HomePageTest">
    <skipped/>
  </testcase> <!-- @AfterMethod tearDown -->
  <testcase name="@BeforeMethod launchBrowser" time="13.33" classname="com.contactUs.qa.TestCases.ContactUsPageTest">
    <failure type="org.openqa.selenium.TimeoutException" message="timeout
  (Session info: chrome=79.0.3945.130)
Build info: version: &amp;apos;3.141.5&amp;apos;, revision: &amp;apos;d54ebd709a&amp;apos;, time: &amp;apos;2018-11-06T11:42:16&amp;apos;
System info: host: &amp;apos;MSI&amp;apos;, ip: &amp;apos;192.168.1.80&amp;apos;, os.name: &amp;apos;Windows 10&amp;apos;, os.arch: &amp;apos;amd64&amp;apos;, os.version: &amp;apos;10.0&amp;apos;, java.version: &amp;apos;1.8.0_241&amp;apos;
Driver info: org.openqa.selenium.chrome.ChromeDriver
Capabilities {acceptInsecureCerts: false, browserName: chrome, browserVersion: 79.0.3945.130, chrome: {chromedriverVersion: 79.0.3945.36 (3582db32b3389..., userDataDir: C:\Users\ob_v\AppData\Local...}, goog:chromeOptions: {debuggerAddress: localhost:59913}, javascriptEnabled: true, networkConnectionEnabled: false, pageLoadStrategy: normal, platform: WINDOWS, platformName: WINDOWS, proxy: Proxy(), setWindowRect: true, strictFileInteractability: false, timeouts: {implicit: 0, pageLoad: 300000, script: 30000}, unhandledPromptBehavior: dismiss and notify}
Session ID: fdbefb4fc7846f039b83fdd974998011">
      <![CDATA[org.openqa.selenium.TimeoutException: timeout
  (Session info: chrome=79.0.3945.130)
Build info: version: '3.141.5', revision: 'd54ebd709a', time: '2018-11-06T11:42:16'
System info: host: 'MSI', ip: '192.168.1.80', os.name: 'Windows 10', os.arch: 'amd64', os.version: '10.0', java.version: '1.8.0_241'
Driver info: org.openqa.selenium.chrome.ChromeDriver
Capabilities {acceptInsecureCerts: false, browserName: chrome, browserVersion: 79.0.3945.130, chrome: {chromedriverVersion: 79.0.3945.36 (3582db32b3389..., userDataDir: C:\Users\ob_v\AppData\Local...}, goog:chromeOptions: {debuggerAddress: localhost:59913}, javascriptEnabled: true, networkConnectionEnabled: false, pageLoadStrategy: normal, platform: WINDOWS, platformName: WINDOWS, proxy: Proxy(), setWindowRect: true, strictFileInteractability: false, timeouts: {implicit: 0, pageLoad: 300000, script: 30000}, unhandledPromptBehavior: dismiss and notify}
Session ID: fdbefb4fc7846f039b83fdd974998011
at org.openqa.selenium.remote.http.W3CHttpResponseCodec.createException(W3CHttpResponseCodec.java:187)
at org.openqa.selenium.remote.http.W3CHttpResponseCodec.decode(W3CHttpResponseCodec.java:122)
at org.openqa.selenium.remote.http.W3CHttpResponseCodec.decode(W3CHttpResponseCodec.java:49)
at org.openqa.selenium.remote.HttpCommandExecutor.execute(HttpCommandExecutor.java:158)
at org.openqa.selenium.remote.service.DriverCommandExecutor.execute(DriverCommandExecutor.java:83)
at org.openqa.selenium.remote.RemoteWebDriver.execute(RemoteWebDriver.java:552)
at org.openqa.selenium.remote.RemoteWebDriver.get(RemoteWebDriver.java:277)
at com.contactus.qa.TestBase.TestBase.initialization(TestBase.java:45)
at com.contactUs.qa.TestCases.ContactUsPageTest.launchBrowser(ContactUsPageTest.java:30)
at java.util.ArrayList.forEach(Unknown Source)
... Removed 35 stack frames]]>
    </failure>
  </testcase> <!-- @BeforeMethod launchBrowser -->
  <testcase name="@AfterMethod tearDown" time="-1.580964865023E9" classname="com.contactUs.qa.TestCases.ContactUsPageTest">
    <skipped/>
  </testcase> <!-- @AfterMethod tearDown -->
  <testcase name="@BeforeMethod launchBrowser" time="-1.580964865026E9" classname="com.contactUs.qa.TestCases.ContactUsPageTest">
    <skipped/>
  </testcase> <!-- @BeforeMethod launchBrowser -->
  <testcase name="@AfterMethod tearDown" time="-1.580964865039E9" classname="com.contactUs.qa.TestCases.ContactUsPageTest">
    <skipped/>
  </testcase> <!-- @AfterMethod tearDown -->
  <testcase name="@BeforeMethod launchBrowser" time="-1.580964865041E9" classname="com.contactUs.qa.TestCases.ContactUsPageTest">
    <skipped/>
  </testcase> <!-- @BeforeMethod launchBrowser -->
  <testcase name="@AfterMethod tearDown" time="-1.580964865045E9" classname="com.contactUs.qa.TestCases.ContactUsPageTest">
    <skipped/>
  </testcase> <!-- @AfterMethod tearDown -->
  <testcase name="@BeforeMethod launchBrowser" time="-1.580964865047E9" classname="com.contactUs.qa.TestCases.ContactUsPageTest">
    <skipped/>
  </testcase> <!-- @BeforeMethod launchBrowser -->
  <testcase name="@AfterMethod tearDown" time="-1.580964865052E9" classname="com.contactUs.qa.TestCases.ContactUsPageTest">
    <skipped/>
  </testcase> <!-- @AfterMethod tearDown -->
  <testcase name="@BeforeMethod launchBrowser" time="-1.580964865058E9" classname="com.contactUs.qa.TestCases.ContactUsPageTest">
    <skipped/>
  </testcase> <!-- @BeforeMethod launchBrowser -->
  <testcase name="@AfterMethod tearDown" time="-1.580964865063E9" classname="com.contactUs.qa.TestCases.ContactUsPageTest">
    <skipped/>
  </testcase> <!-- @AfterMethod tearDown -->
  <testcase name="verifyContactUsPageTitleTest" time="0.0" classname="com.contactUs.qa.TestCases.HomePageTest">
    <skipped/>
  </testcase> <!-- verifyContactUsPageTitleTest -->
  <testcase name="verifyContactUsPageTitleTest" time="0.0" classname="com.contactUs.qa.TestCases.ContactUsPageTest">
    <skipped/>
  </testcase> <!-- verifyContactUsPageTitleTest -->
  <testcase name="verifyWarningAlertEmailEmtpyFieldTest" time="0.0" classname="com.contactUs.qa.TestCases.ContactUsPageTest">
    <skipped/>
  </testcase> <!-- verifyWarningAlertEmailEmtpyFieldTest -->
  <testcase name="verifyWarningAlertSubjectEmtpyFieldTest" time="0.0" classname="com.contactUs.qa.TestCases.ContactUsPageTest">
    <skipped/>
  </testcase> <!-- verifyWarningAlertSubjectEmtpyFieldTest -->
  <testcase name="verifyWarningAlertMessageEmtpyFieldTest" time="0.0" classname="com.contactUs.qa.TestCases.ContactUsPageTest">
    <skipped/>
  </testcase> <!-- verifyWarningAlertMessageEmtpyFieldTest -->
  <testcase name="verifySuccessMessageAlertTest" time="0.0" classname="com.contactUs.qa.TestCases.ContactUsPageTest">
    <skipped/>
  </testcase> <!-- verifySuccessMessageAlertTest -->
</testsuite> <!-- Contact Us Test Cases -->
